<?xml version="1.0" encoding="UTF-8"?>
<testsuite name="org.sti.jaga.BoostraperTest" tests="1" skipped="0" failures="0" errors="0" timestamp="2015-07-02T04:35:57" hostname="stitakis-linux" time="0.002">
  <properties/>
  <testcase name="testLoadService" classname="org.sti.jaga.BoostraperTest" time="0.002"/>
  <system-out><![CDATA[]]></system-out>
  <system-err><![CDATA[]]></system-err>
</testsuite>
